<?xml version="1.0" encoding="UTF-8"?>
<testsuite xmlns:xsi="http://www.w3.org/2001/XMLSchema-instance" xsi:noNamespaceSchemaLocation="https://maven.apache.org/surefire/maven-surefire-plugin/xsd/surefire-test-report-3.0.xsd" version="3.0" name="com.lanhouse.AuthServiceTest" time="0.297" tests="3" errors="0" skipped="0" failures="0">
  <properties>
[...]
</properties>
  <testcase name="deveAutenticarUsuarioAdmPadrao" classname="com.lanhouse.AuthServiceTest" time="0.217">
    <system-err><![CDATA[SLF4J: Failed to load class "org.slf4j.impl.StaticLoggerBinder".
SLF4J: Defaulting to no-operation (NOP) logger implementation
SLF4J: See http://www.slf4j.org/codes.html#StaticLoggerBinder for further details.
]]></system-err>
  </testcase>
  <testcase name="deveRejeitarCredenciaisInvalidas" classname="com.lanhouse.AuthServiceTest" time="0.008"/>
  <testcase name="deveEvitarDuplicidadeAoSalvarFuncionarioComMesmoUsuario" classname="com.lanhouse.AuthServiceTest" time="0.04">
    <system-out><![CDATA[Banco de dados criado com sucesso!
]]></system-out>
  </testcase>
</testsuite>